<?xml version="1.0" encoding="UTF-8"?>
<!-- Generated by org.testng.reporters.JUnitReportReporter -->
<testsuite hostname="selenium7" failures="1" tests="1" name="runners.RerunRunner" time="7.282" errors="0" timestamp="2024-12-20T16:44:14 IST" skipped="0">
  <testcase classname="runners.RerunRunner" name="runScenario" time="7.282">
    <failure message="expected [Java Tutorial - Google Search page] but found [Java Tutorial - Google Search]" type="java.lang.AssertionError">
      <![CDATA[java.lang.AssertionError: expected [Java Tutorial - Google Search page] but found [Java Tutorial - Google Search]
at org.testng.Assert.fail(Assert.java:99)
at org.testng.Assert.failNotEquals(Assert.java:1037)
at org.testng.Assert.assertEqualsImpl(Assert.java:140)
at org.testng.Assert.assertEquals(Assert.java:122)
at org.testng.Assert.assertEquals(Assert.java:629)
at org.testng.Assert.assertEquals(Assert.java:639)
at stepDefinition.GooglePageStepDef.should_display_java_result_page(GooglePageStepDef.java:53)
at ✽.Should display Java result page(file:///C:/WorkSpace/BDDSample/src/test/resources/feature/GooglePageSearch.feature:14)
]]>
    </failure>
  </testcase> <!-- runScenario -->
  <system-out/>
</testsuite> <!-- runners.RerunRunner -->
