<?xml version="1.0" encoding="UTF-8"?>
<!-- Generated by org.testng.reporters.JUnitReportReporter -->
<testsuite hostname="selenium7" failures="0" tests="1" name="runners.GooglePageRunner" time="0.279" errors="1" timestamp="2024-12-23T11:41:08 IST" skipped="0">
  <testcase classname="runners.GooglePageRunner" name="runScenario" time="0.279">
    <error message="Cannot invoke &quot;org.openqa.selenium.WebDriver.findElement(org.openqa.selenium.By)&quot; because &quot;this.driver&quot; is null" type="java.lang.NullPointerException">
      <![CDATA[java.lang.NullPointerException: Cannot invoke "org.openqa.selenium.WebDriver.findElement(org.openqa.selenium.By)" because "this.driver" is null
at stepDefinition.UserLoginStepDef.user_enters_credentials(UserLoginStepDef.java:37)
at ✽.User enters credentials(file:///C:/WorkSpace/BDDSample/src/test/resources/feature/UserLogin.feature:26)
]]>
    </error>
  </testcase> <!-- runScenario -->
  <system-out/>
</testsuite> <!-- runners.GooglePageRunner -->
